<?xml version="1.0" encoding="UTF-8"?>
<!-- Generated by org.testng.reporters.JUnitReportReporter -->
<testsuite hostname="LAPTOP-5PNL2S0K" failures="0" tests="1" name="testcases.LoginTest" time="6.122" errors="0" timestamp="2021-12-31T18:11:37 IST" skipped="0">
  <testcase classname="testcases.LoginTest" name="VerifyLoginApp" time="6.122"/>
  <system-out/>
</testsuite> <!-- testcases.LoginTest -->
