<?xml version="1.0" encoding="UTF-8"?>
<!-- Generated by org.testng.reporters.JUnitReportReporter -->
<testsuite hostname="LAPTOP-5PNL2S0K" failures="0" tests="1" name="testcaseclass.DashboardTest" time="0.061" errors="0" timestamp="2021-12-24T17:04:19 IST" skipped="0">
  <testcase classname="testcaseclass.DashboardTest" name="verifydashboardtext" time="0.061"/>
  <system-out/>
</testsuite> <!-- testcaseclass.DashboardTest -->
