<?xml version="1.0" encoding="UTF-8"?>
<!-- Generated by org.testng.reporters.JUnitReportReporter -->
<testsuite hostname="LAPTOP-5PNL2S0K" failures="0" tests="1" name="testcaseclass.LogoutTest" time="6.165" errors="0" timestamp="2021-12-24T17:04:19 IST" skipped="0">
  <testcase classname="testcaseclass.LogoutTest" name="VerifyLogoutTest" time="6.165"/>
  <system-out/>
</testsuite> <!-- testcaseclass.LogoutTest -->
