<?xml version="1.0" encoding="UTF-8"?>
<!-- Generated by org.testng.reporters.JUnitReportReporter -->
<testsuite hostname="LAPTOP-5PNL2S0K" failures="0" tests="4" name="testcaseclass.LoginTest" time="6.932" errors="0" timestamp="2021-12-24T17:04:19 IST" skipped="0">
  <testcase classname="testcaseclass.LoginTest" name="verifyurl" time="0.022"/>
  <system-out/>
  <testcase classname="testcaseclass.LoginTest" name="verifytitle" time="0.010"/>
  <system-out/>
  <testcase classname="testcaseclass.LoginTest" name="verifybtn" time="0.045"/>
  <system-out/>
  <testcase classname="testcaseclass.LoginTest" name="logiinpage" time="6.855"/>
  <system-out>
    <![CDATA[logi credential]]>
  </system-out>
</testsuite> <!-- testcaseclass.LoginTest -->
