<?xml version="1.0" encoding="UTF-8"?>
<!-- Generated by org.testng.reporters.JUnitReportReporter -->
<testsuite hostname="LAPTOP-5PNL2S0K" failures="0" tests="1" name="testcases.LogoutTest" time="5.961" errors="0" timestamp="2021-12-31T18:11:37 IST" skipped="0">
  <testcase classname="testcases.LogoutTest" name="VerifyLogoutapp" time="5.961"/>
  <system-out/>
</testsuite> <!-- testcases.LogoutTest -->
